#   The system is out of physical RAM or swap space
#   In 32 bit mode, the process size limit was hit
# Possible solutions:
#   Reduce memory load on the system
#   Increase physical memory or swap space
#   Check if swap backing store is full
#   Use 64 bit Java on a 64 bit OS
#   Decrease Java heap size (-Xmx/-Xms)
#   Decrease number of Java threads
#   Decrease Java thread stack sizes (-Xss)
#   Set larger code cache with -XX:ReservedCodeCacheSize=
# This output file may be truncated or incomplete.
#
#  Out of Memory Error (allocation.cpp:273), pid=4680, tid=0x0000000000000348
#
# JRE version: OpenJDK Runtime Environment (8.0_76-b03) (build 1.8.0_76-release-b03)
# Java VM: OpenJDK 64-Bit Server VM (25.76-b03 mixed mode windows-amd64 compressed oops)
# Failed to write core dump. Minidumps are not enabled by default on client versions of Windows
#

---------------  T H R E A D  ---------------

Current thread (0x0000000056581000):  JavaThread "C1 CompilerThread2" daemon [_thread_in_native, id=840, stack(0x0000000056be0000,0x0000000056ce0000)]

Stack: [0x0000000056be0000,0x0000000056ce0000]
[error occurred during error reporting (printing stack bounds), id 0xc0000005]

Native frames: (J=compiled Java code, j=interpreted, Vv=VM code, C=native code)


Current CompileTask:
C1:    380   42  s!   3       sun.misc.URLClassPath::getLoader (197 bytes)


---------------  P R O C E S S  ---------------

Java Threads: ( => current thread )
  0x0000000056590800 JavaThread "Service Thread" daemon [_thread_blocked, id=7188, stack(0x0000000056fb0000,0x00000000570b0000)]
=>0x0000000056581000 JavaThread "C1 CompilerThread2" daemon [_thread_in_native, id=840, stack(0x0000000056be0000,0x0000000056ce0000)]
  0x0000000056580800 JavaThread "C2 CompilerThread1" daemon [_thread_blocked, id=4716, stack(0x0000000056db0000,0x0000000056eb0000)]
  0x0000000056525000 JavaThread "C2 CompilerThread0" daemon [_thread_blocked, id=4156, stack(0x0000000056000000,0x0000000056100000)]
  0x000000005651a800 JavaThread "Attach Listener" daemon [_thread_blocked, id=6844, stack(0x0000000056ad0000,0x0000000056bd0000)]
  0x00000000550fb000 JavaThread "Signal Dispatcher" daemon [_thread_blocked, id=8808, stack(0x0000000056990000,0x0000000056a90000)]
  0x00000000550e7800 JavaThread "Finalizer" daemon [_thread_blocked, id=7456, stack(0x0000000056410000,0x0000000056510000)]
  0x000000005509e800 JavaThread "Reference Handler" daemon [_thread_blocked, id=7892, stack(0x00000000562f0000,0x00000000563f0000)]
  0x000000000027e000 JavaThread "main" [_thread_in_vm, id=8804, stack(0x0000000002740000,0x0000000002840000)]

Other Threads:
  0x0000000055098800 VMThread [stack: 0x0000000056170000,0x0000000056270000] [id=1496]
  0x0000000056595000 WatcherThread [stack: 0x00000000570e0000,0x00000000571e0000] [id=3056]

VM state:not at safepoint (normal execution)

VM Mutex/Monitor currently owned by a thread: None

Heap:
 PSYoungGen      total 36864K, used 2539K [0x00000000eab00000, 0x00000000ed400000, 0x0000000100000000)
  eden space 31744K, 8% used [0x00000000eab00000,0x00000000ead7aeb8,0x00000000eca00000)
  from space 5120K, 0% used [0x00000000ecf00000,0x00000000ecf00000,0x00000000ed400000)
  to   space 5120K, 0% used [0x00000000eca00000,0x00000000eca00000,0x00000000ecf00000)
 ParOldGen       total 84992K, used 0K [0x00000000c0000000, 0x00000000c5300000, 0x00000000eab00000)
  object space 84992K, 0% used [0x00000000c0000000,0x00000000c0000000,0x00000000c5300000)
 Metaspace       used 3144K, capacity 4720K, committed 4864K, reserved 1056768K
  class space    used 335K, capacity 424K, committed 512K, reserved 1048576K

Card table byte_map: [0x0000000011c00000,0x0000000011e10000] byte_map_base: 0x0000000011600000

Marking Bits: (ParMarkBitMap*) 0x0000000071119d00
 Begin Bits: [0x0000000012510000, 0x0000000013510000)
 End Bits:   [0x0000000013510000, 0x0000000014510000)

Polling page: 0x0000000000250000

CodeCache: size=245760Kb used=1115Kb max_used=1117Kb free=244644Kb
 bounds [0x0000000002840000, 0x0000000002ab0000, 0x0000000011840000]
 total_blobs=281 nmethods=41 adapters=155
 compilation: enabled

Compilation events (10 events):
Event: 0.370 Thread 0x0000000056581000 nmethod 34 0x0000000002954790 code [0x00000000029548e0, 0x00000000029549f0]
Event: 0.370 Thread 0x0000000056581000   37       1       java.net.URL::getRef (5 bytes)
Event: 0.370 Thread 0x0000000056581000 nmethod 37 0x00000000029544d0 code [0x0000000002954620, 0x0000000002954730]
Event: 0.370 Thread 0x0000000056581000   38       1       java.util.zip.ZipFile::access$000 (5 bytes)
Event: 0.370 Thread 0x0000000056581000 nmethod 38 0x0000000002954210 code [0x0000000002954360, 0x0000000002954450]
Event: 0.370 Thread 0x0000000056581000   40       1       java.security.ProtectionDomain::getCodeSource (5 bytes)
Event: 0.370 Thread 0x0000000056581000 nmethod 40 0x0000000002953f50 code [0x00000000029540a0, 0x00000000029541b0]
Event: 0.370 Thread 0x0000000056581000   39       1       java.net.URL::getFile (5 bytes)
Event: 0.370 Thread 0x0000000056581000 nmethod 39 0x0000000002953c90 code [0x0000000002953de0, 0x0000000002953ef0]
Event: 0.374 Thread 0x0000000056581000   42  s!   3       sun.misc.URLClassPath::getLoader (197 bytes)

GC Heap History (0 events):
No events

Deoptimization events (0 events):
No events

Internal exceptions (2 events):
Event: 0.191 Thread 0x000000000027e000 Exception <a 'java/lang/NoSuchMethodError': Method sun.misc.Unsafe.defineClass(Ljava/lang/String;[BII)Ljava/lang/Class; name or signature does not match> (0x00000000eab07cc0) thrown at [C:\src\android\AOSP-openjdk\external\jetbrains\jdk\hotspot\src\share\v±	5w»?
Event: 0.191 Thread 0x000000000027e000 Exception <a 'java/lang/NoSuchMethodError': Method sun.misc.Unsafe.prefetchRead(Ljava/lang/Object;J)V name or signature does not match> (0x00000000eab07fa8) thrown at [C:\src\android\AOSP-openjdk\external\jetbrains\jdk\hotspot\src\share\vm\prims\jni.cpp, l

Events (10 events):
Event: 0.366 loading class com/android/dx/dex/file/TypeIdsSection
Event: 0.366 loading class com/android/dx/dex/file/TypeIdsSection done
Event: 0.367 loading class com/android/dex/DexIndexOverflowException
Event: 0.367 loading class com/android/dex/DexIndexOverflowException done
Event: 0.371 loading class com/android/dx/dex/file/ProtoIdsSection
Event: 0.371 loading class com/android/dx/dex/file/ProtoIdsSection done
Event: 0.372 loading class java/lang/UnsupportedOperationException
Event: 0.372 loading class java/lang/UnsupportedOperationException done
Event: 0.372 loading class com/android/dx/dex/file/FieldIdsSection
Event: 0.372 loading class com/android/dx/dex/file/FieldIdsSection done


Dynamic libraries:
0x000000013f7f0000 - 0x000000013f821000 	E:\workshop\android\studio\jre\bin\java.exe
0x0000000077750000 - 0x00000000778fa000 	C:\Windows\SYSTEM32\ntdll.dll
0x0000000077530000 - 0x000000007764f000 	C:\Windows\system32\kernel32.dll
0x000007fefd7b0000 - 0x000007fefd81a000 	C:\Windows\system32\KERNELBASE.dll
0x0000000075200000 - 0x0000000075289000 	C:\Windows\System32\SYSFER.DLL
0x000007feff980000 - 0x000007feffa5b000 	C:\Windows\system32\ADVAPI32.dll
0x000007fefead0000 - 0x000007fefeb6f000 	C:\Windows\system32\msvcrt.dll
0x000007fefdea0000 - 0x000007fefdebf000 	C:\Windows\SYSTEM32\sechost.dll
0x000007fefdad0000 - 0x000007fefdbfd000 	C:\Windows\system32\RPCRT4.dll
0x0000000077650000 - 0x000000007774a000 	C:\Windows\system32\USER32.dll
0x000007fefe050000 - 0x000007fefe0b7000 	C:\Windows\system32\GDI32.dll
0x000007fefe1c0000 - 0x000007fefe1ce000 	C:\Windows\system32\LPK.dll
0x000007fefdf80000 - 0x000007fefe04a000 	C:\Windows\system32\USP10.dll
0x000007fefb9d0000 - 0x000007fefbbc4000 	C:\Windows\WinSxS\amd64_microsoft.windows.common-controls_6595b64144ccf1df_6.0.7601.18837_none_fa3b1e3d17594757\COMCTL32.dll
0x000007fefeb70000 - 0x000007fefebe1000 	C:\Windows\system32\SHLWAPI.dll
0x000007fefe520000 - 0x000007fefe54e000 	C:\Windows\system32\IMM32.DLL
0x000007fefdc00000 - 0x000007fefdd09000 	C:\Windows\system32\MSCTF.dll
0x0000000065ad0000 - 0x0000000065ba2000 	E:\workshop\android\studio\jre\jre\bin\msvcr100.dll
0x0000000070960000 - 0x0000000071194000 	E:\workshop\android\studio\jre\jre\bin\server\jvm.dll
0x000007fefa550000 - 0x000007fefa559000 	C:\Windows\system32\WSOCK32.dll
0x000007fefe550000 - 0x000007fefe59d000 	C:\Windows\system32\WS2_32.dll
0x000007fefe1d0000 - 0x000007fefe1d8000 	C:\Windows\system32\NSI.dll
0x000007fefa900000 - 0x000007fefa93b000 	C:\Windows\system32\WINMM.dll
0x000007fefc5f0000 - 0x000007fefc5fc000 	C:\Windows\system32\VERSION.dll
0x0000000077910000 - 0x0000000077917000 	C:\Windows\system32\PSAPI.DLL
0x000007fefc0b0000 - 0x000007fefc0bf000 	E:\workshop\android\studio\jre\jre\bin\verify.dll
0x000007fef7860000 - 0x000007fef7889000 	E:\workshop\android\studio\jre\jre\bin\java.dll
0x000007feeee70000 - 0x000007feeee86000 	E:\workshop\android\studio\jre\jre\bin\zip.dll
0x000007fefebf0000 - 0x000007feff979000 	C:\Windows\system32\SHELL32.dll
0x000007fefd8c0000 - 0x000007fefdac3000 	C:\Windows\system32\ole32.dll
0x000007fefd510000 - 0x000007fefd51f000 	C:\Windows\system32\profapi.dll

VM Arguments:
jvm_args: -Djava.awt.headless=true -Xmx1024M -Dfile.encoding=GBK -Duser.country=CN -Duser.language=zh -Duser.variant 
java_command: com.android.dx.command.Main --dex --force-jumbo --num-threads=4 --multi-dex --output E:\workshop\self_project\github\guahao\app\build\intermediates\transforms\dex\debug\folders\1000\5\slice_6 E:\workshop\self_project\github\guahao\app\build\intermediates\transforms\instantRunSlicer\debug\folders\1\5\slice_6
java_class_path (initial): E:\workshop\android\sdk\build-tools\24.0.3\lib\dx.jar
Launcher Type: SUN_STANDARD

Environment Variables:
PATH=C:\Windows\system32;C:\Windows;C:\Windows\System32\Wbem;C:\Windows\System32\WindowsPowerShell\v1.0\;D:\Program Files (x86)\Git\cmd
USERNAME=litao
OS=Windows_NT
PROCESSOR_IDENTIFIER=Intel64 Family 6 Model 58 Stepping 9, GenuineIntel



---------------  S Y S T E M  ---------------

OS: Windows 7 , 64 bit Build 7601 (6.1.7601.23418)

CPU:total 4 (2 cores per cpu, 2 threads per core) family 6 model 58 stepping 9, cmov, cx8, fxsr, mmx, sse, sse2, sse3, ssse3, sse4.1, sse4.2, popcnt, avx, aes, clmul, erms, ht, tsc, tscinvbit, tscinv

Memory: 4k page, physical 8077100k(430404k free), swap 16464872k(140128k free)

vm_info: OpenJDK 64-Bit Server VM (25.76-b03) for windows-amd64 JRE (1.8.0_76-release-b03), built on Jun 29 2016 19:09:20 by "ralucas" with MS VC++ 10.0 (VS2010)

time: Thu Feb 02 11:31:09 2017
elapsed time: 0 seconds (0d 0h 0m 0s)

